<?xml version="1.0" encoding="UTF-8"?>
<testsuite xmlns:xsi="http://www.w3.org/2001/XMLSchema-instance" xsi:noNamespaceSchemaLocation="https://maven.apache.org/surefire/maven-surefire-plugin/xsd/surefire-test-report.xsd" name="RadioTest" time="0.065" tests="22" errors="0" skipped="0" failures="0">
  <properties>
[...]
</properties>
  <testcase name="shouldNotSetStationAboveMax" classname="RadioTest" time="0.041"/>
  <testcase name="shouldNotSetStationBelowMin" classname="RadioTest" time="0"/>
  <testcase name="prevVolumeTestPositive" classname="RadioTest" time="0"/>
  <testcase name="shouldNotSetVolumeAboveMax" classname="RadioTest" time="0"/>
  <testcase name="shouldNotSetVolumeBelowMin" classname="RadioTest" time="0"/>
  <testcase name="prevVolumeTestNegative" classname="RadioTest" time="0"/>
  <testcase name="shouldSetStationOne" classname="RadioTest" time="0"/>
  <testcase name="shouldSetVolumeMiddle" classname="RadioTest" time="0.001"/>
  <testcase name="nextStationTestPositive" classname="RadioTest" time="0"/>
  <testcase name="nextStationTestNegative" classname="RadioTest" time="0"/>
  <testcase name="shouldSetStationEight" classname="RadioTest" time="0.001"/>
  <testcase name="prevStationTestPositive" classname="RadioTest" time="0"/>
  <testcase name="shouldSetVolumeOne" classname="RadioTest" time="0"/>
  <testcase name="shouldSetVolumeTen" classname="RadioTest" time="0"/>
  <testcase name="prevStationTestNegative" classname="RadioTest" time="0"/>
  <testcase name="shouldSetVolumeNine" classname="RadioTest" time="0"/>
  <testcase name="shouldSetVolumeZero" classname="RadioTest" time="0.001"/>
  <testcase name="shouldSetStationMiddle" classname="RadioTest" time="0.001"/>
  <testcase name="nextVolumeTestPositive" classname="RadioTest" time="0.001"/>
  <testcase name="shouldSetStationNine" classname="RadioTest" time="0.001"/>
  <testcase name="shouldSetStationZero" classname="RadioTest" time="0"/>
  <testcase name="nextVolumeTestNegative" classname="RadioTest" time="0"/>
</testsuite>